<?xml version="1.0" encoding="UTF-8"?>
<!-- Generated by org.testng.reporters.JUnitReportReporter -->
<testsuite hostname="DESKTOP-4QEBO80" failures="0" tests="1" name="properties.ResgisterDemo" time="14.418" errors="0" timestamp="2024-10-05T10:06:36 IST" skipped="0">
  <testcase classname="properties.ResgisterDemo" name="RegisterAccount" time="14.418"/>
</testsuite> <!-- properties.ResgisterDemo -->
