<?xml version="1.0" encoding="UTF-8"?>
<!-- Generated by org.testng.reporters.JUnitReportReporter -->
<testsuite hostname="DESKTOP-4QEBO80" failures="0" tests="1" name="properties.Login" time="13.875" errors="0" timestamp="2024-10-05T10:23:38 IST" skipped="0">
  <testcase classname="properties.Login" name="validLogin" time="13.875"/>
</testsuite> <!-- properties.Login -->
